0 info it worked if it ends with ok
1 verbose cli [ 'node',
1 verbose cli   '/usr/local/bin/npm',
1 verbose cli   'install',
1 verbose cli   'https://github.com/pebanfield/change-view-service.git' ]
2 info using npm@2.10.1
3 info using node@v0.12.4
4 verbose install initial load of /Users/pebanfield/PROJECTS/change-view/change-viewer/nwapp/package.json
5 warn package.json change-viewer@1.0.0 No repository field.
6 warn package.json change-viewer@1.0.0 No README data
7 verbose readDependencies loading dependencies from /Users/pebanfield/PROJECTS/change-view/change-viewer/nwapp/package.json
8 silly cache add args [ 'https://github.com/pebanfield/change-view-service.git',
8 silly cache add   null ]
9 verbose cache add spec https://github.com/pebanfield/change-view-service.git
10 silly cache add parsed spec { raw: 'https://github.com/pebanfield/change-view-service.git',
10 silly cache add   scope: null,
10 silly cache add   name: null,
10 silly cache add   rawSpec: 'https://github.com/pebanfield/change-view-service.git',
10 silly cache add   spec: 'git+https://github.com/pebanfield/change-view-service.git',
10 silly cache add   type: 'hosted',
10 silly cache add   hosted:
10 silly cache add    { type: 'github',
10 silly cache add      ssh: 'git@github.com:pebanfield/change-view-service.git',
10 silly cache add      sshUrl: 'git+ssh://git@github.com/pebanfield/change-view-service.git',
10 silly cache add      httpsUrl: 'git+https://github.com/pebanfield/change-view-service.git',
10 silly cache add      gitUrl: 'git://github.com/pebanfield/change-view-service.git',
10 silly cache add      shortcut: 'github:pebanfield/change-view-service',
10 silly cache add      directUrl: 'https://raw.githubusercontent.com/pebanfield/change-view-service/master/package.json' } }
11 verbose addRemoteGit caching https://github.com/pebanfield/change-view-service.git
12 verbose addRemoteGit git+https://github.com/pebanfield/change-view-service.git is a repository hosted by github
13 silly tryClone cloning git+https://github.com/pebanfield/change-view-service.git via git+https://github.com/pebanfield/change-view-service.git
14 verbose tryClone https-github-com-pebanfield-change-view-service-git-0e73f8c1 not in flight; caching
15 info git [ 'clone',
15 info git   '--template=/Users/pebanfield/.npm/_git-remotes/_templates',
15 info git   '--mirror',
15 info git   'https://github.com/pebanfield/change-view-service.git',
15 info git   '/Users/pebanfield/.npm/_git-remotes/https-github-com-pebanfield-change-view-service-git-0e73f8c1' ]
16 verbose mirrorRemote git+https://github.com/pebanfield/change-view-service.git git clone https://github.com/pebanfield/change-view-service.git
17 verbose setPermissions git+https://github.com/pebanfield/change-view-service.git set permissions on /Users/pebanfield/.npm/_git-remotes/https-github-com-pebanfield-change-view-service-git-0e73f8c1
18 verbose resolveHead git+https://github.com/pebanfield/change-view-service.git original treeish: master
19 info git [ 'rev-list', '-n1', 'master' ]
20 silly resolveHead git+https://github.com/pebanfield/change-view-service.git resolved treeish: be9e1abb0b1affad73b907b951b83665baaea155
21 verbose resolveHead git+https://github.com/pebanfield/change-view-service.git resolved Git URL: git+https://github.com/pebanfield/change-view-service.git#be9e1abb0b1affad73b907b951b83665baaea155
22 silly resolveHead Git working directory: /tmp/npm-78950-c10e3888/git-cache-388db7843e89/be9e1abb0b1affad73b907b951b83665baaea155
23 info git [ 'clone',
23 info git   '/Users/pebanfield/.npm/_git-remotes/https-github-com-pebanfield-change-view-service-git-0e73f8c1',
23 info git   '/tmp/npm-78950-c10e3888/git-cache-388db7843e89/be9e1abb0b1affad73b907b951b83665baaea155' ]
24 verbose cloneResolved git+https://github.com/pebanfield/change-view-service.git clone Cloning into '/tmp/npm-78950-c10e3888/git-cache-388db7843e89/be9e1abb0b1affad73b907b951b83665baaea155'...
24 verbose cloneResolved done.
25 info git [ 'checkout', 'be9e1abb0b1affad73b907b951b83665baaea155' ]
26 verbose checkoutTreeish git+https://github.com/pebanfield/change-view-service.git checkout Note: checking out 'be9e1abb0b1affad73b907b951b83665baaea155'.
26 verbose checkoutTreeish
26 verbose checkoutTreeish You are in 'detached HEAD' state. You can look around, make experimental
26 verbose checkoutTreeish changes and commit them, and you can discard any commits you make in this
26 verbose checkoutTreeish state without impacting any branches by performing another checkout.
26 verbose checkoutTreeish
26 verbose checkoutTreeish If you want to create a new branch to retain commits you create, you may
26 verbose checkoutTreeish do so (now or later) by using -b with the checkout command again. Example:
26 verbose checkoutTreeish
26 verbose checkoutTreeish   git checkout -b new_branch_name
26 verbose checkoutTreeish
26 verbose checkoutTreeish HEAD is now at be9e1ab... Initial commit
27 error addLocal Could not install /tmp/npm-78950-c10e3888/git-cache-388db7843e89/be9e1abb0b1affad73b907b951b83665baaea155
28 verbose stack Error: EISDIR, read
28 verbose stack     at Error (native)
29 verbose cwd /Users/pebanfield/PROJECTS/change-view/change-viewer/nwapp
30 error Darwin 14.3.0
31 error argv "node" "/usr/local/bin/npm" "install" "https://github.com/pebanfield/change-view-service.git"
32 error node v0.12.4
33 error npm  v2.10.1
34 error code EISDIR
35 error errno -21
36 error EISDIR, read
37 error If you need help, you may report this error at:
37 error     <https://github.com/npm/npm/issues>
38 verbose exit [ -21, true ]
